<?xml version="1.0" encoding="UTF-8"?>
<testng-results ignored="0" total="12" passed="12" failed="0" skipped="0">
  <reporter-output>
  </reporter-output>
  <suite started-at="2025-09-03T16:59:23 IST" name="Default suite" finished-at="2025-09-03T16:59:23 IST" duration-ms="196">
    <groups>
    </groups>
    <test started-at="2025-09-03T16:59:23 IST" name="Default test" finished-at="2025-09-03T16:59:23 IST" duration-ms="196">
      <class name="org.com.test.bankapp.BankServiceTest">
        <test-method is-config="true" signature="setup()[pri:0, instance:org.com.test.bankapp.BankServiceTest@70dd7e15]" started-at="2025-09-03T16:59:23 IST" name="setup" finished-at="2025-09-03T16:59:23 IST" duration-ms="15" status="PASS">
          <reporter-output>
          </reporter-output>
        </test-method> <!-- setup -->
        <test-method signature="testAddUserFailure_Duplicate()[pri:0, instance:org.com.test.bankapp.BankServiceTest@70dd7e15]" started-at="2025-09-03T16:59:23 IST" name="testAddUserFailure_Duplicate" finished-at="2025-09-03T16:59:23 IST" duration-ms="20" status="PASS">
          <reporter-output>
          </reporter-output>
        </test-method> <!-- testAddUserFailure_Duplicate -->
        <test-method is-config="true" signature="setup()[pri:0, instance:org.com.test.bankapp.BankServiceTest@70dd7e15]" started-at="2025-09-03T16:59:23 IST" name="setup" finished-at="2025-09-03T16:59:23 IST" duration-ms="0" status="PASS">
          <reporter-output>
          </reporter-output>
        </test-method> <!-- setup -->
        <test-method signature="testAddUserSuccess()[pri:0, instance:org.com.test.bankapp.BankServiceTest@70dd7e15]" started-at="2025-09-03T16:59:23 IST" name="testAddUserSuccess" finished-at="2025-09-03T16:59:23 IST" duration-ms="2" status="PASS">
          <reporter-output>
          </reporter-output>
        </test-method> <!-- testAddUserSuccess -->
        <test-method is-config="true" signature="setup()[pri:0, instance:org.com.test.bankapp.BankServiceTest@70dd7e15]" started-at="2025-09-03T16:59:23 IST" name="setup" finished-at="2025-09-03T16:59:23 IST" duration-ms="2" status="PASS">
          <reporter-output>
          </reporter-output>
        </test-method> <!-- setup -->
        <test-method signature="testDeleteUserFailure()[pri:0, instance:org.com.test.bankapp.BankServiceTest@70dd7e15]" started-at="2025-09-03T16:59:23 IST" name="testDeleteUserFailure" finished-at="2025-09-03T16:59:23 IST" duration-ms="1" status="PASS">
          <reporter-output>
          </reporter-output>
        </test-method> <!-- testDeleteUserFailure -->
        <test-method signature="testDeleteUserSuccess()[pri:0, instance:org.com.test.bankapp.BankServiceTest@70dd7e15]" started-at="2025-09-03T16:59:23 IST" name="testDeleteUserSuccess" finished-at="2025-09-03T16:59:23 IST" duration-ms="2" status="PASS">
          <reporter-output>
          </reporter-output>
        </test-method> <!-- testDeleteUserSuccess -->
        <test-method is-config="true" signature="setup()[pri:0, instance:org.com.test.bankapp.BankServiceTest@70dd7e15]" started-at="2025-09-03T16:59:23 IST" name="setup" finished-at="2025-09-03T16:59:23 IST" duration-ms="0" status="PASS">
          <reporter-output>
          </reporter-output>
        </test-method> <!-- setup -->
        <test-method signature="testFindUserByName()[pri:0, instance:org.com.test.bankapp.BankServiceTest@70dd7e15]" started-at="2025-09-03T16:59:23 IST" name="testFindUserByName" finished-at="2025-09-03T16:59:23 IST" duration-ms="2" status="PASS">
          <reporter-output>
          </reporter-output>
        </test-method> <!-- testFindUserByName -->
        <test-method is-config="true" signature="setup()[pri:0, instance:org.com.test.bankapp.BankServiceTest@70dd7e15]" started-at="2025-09-03T16:59:23 IST" name="setup" finished-at="2025-09-03T16:59:23 IST" duration-ms="0" status="PASS">
          <reporter-output>
          </reporter-output>
        </test-method> <!-- setup -->
        <test-method signature="testGetUsers()[pri:0, instance:org.com.test.bankapp.BankServiceTest@70dd7e15]" started-at="2025-09-03T16:59:23 IST" name="testGetUsers" finished-at="2025-09-03T16:59:23 IST" duration-ms="2" status="PASS">
          <reporter-output>
          </reporter-output>
        </test-method> <!-- testGetUsers -->
        <test-method is-config="true" signature="setup()[pri:0, instance:org.com.test.bankapp.BankServiceTest@70dd7e15]" started-at="2025-09-03T16:59:23 IST" name="setup" finished-at="2025-09-03T16:59:23 IST" duration-ms="0" status="PASS">
          <reporter-output>
          </reporter-output>
        </test-method> <!-- setup -->
        <test-method is-config="true" signature="setup()[pri:0, instance:org.com.test.bankapp.BankServiceTest@70dd7e15]" started-at="2025-09-03T16:59:23 IST" name="setup" finished-at="2025-09-03T16:59:23 IST" duration-ms="1" status="PASS">
          <reporter-output>
          </reporter-output>
        </test-method> <!-- setup -->
        <test-method signature="testValidateAdmin()[pri:0, instance:org.com.test.bankapp.BankServiceTest@70dd7e15]" started-at="2025-09-03T16:59:23 IST" name="testValidateAdmin" finished-at="2025-09-03T16:59:23 IST" duration-ms="2" status="PASS">
          <reporter-output>
          </reporter-output>
        </test-method> <!-- testValidateAdmin -->
        <test-method signature="testValidateCredentials()[pri:0, instance:org.com.test.bankapp.BankServiceTest@70dd7e15]" started-at="2025-09-03T16:59:23 IST" name="testValidateCredentials" finished-at="2025-09-03T16:59:23 IST" duration-ms="2" status="PASS">
          <reporter-output>
          </reporter-output>
        </test-method> <!-- testValidateCredentials -->
        <test-method is-config="true" signature="setup()[pri:0, instance:org.com.test.bankapp.BankServiceTest@70dd7e15]" started-at="2025-09-03T16:59:23 IST" name="setup" finished-at="2025-09-03T16:59:23 IST" duration-ms="0" status="PASS">
          <reporter-output>
          </reporter-output>
        </test-method> <!-- setup -->
        <test-method signature="testValidateUser()[pri:0, instance:org.com.test.bankapp.BankServiceTest@70dd7e15]" started-at="2025-09-03T16:59:23 IST" name="testValidateUser" finished-at="2025-09-03T16:59:23 IST" duration-ms="2" status="PASS">
          <reporter-output>
          </reporter-output>
        </test-method> <!-- testValidateUser -->
        <test-method is-config="true" signature="setup()[pri:0, instance:org.com.test.bankapp.BankServiceTest@70dd7e15]" started-at="2025-09-03T16:59:23 IST" name="setup" finished-at="2025-09-03T16:59:23 IST" duration-ms="0" status="PASS">
          <reporter-output>
          </reporter-output>
        </test-method> <!-- setup -->
      </class> <!-- org.com.test.bankapp.BankServiceTest -->
      <class name="org.com.test.bankapp.LoginPageTest">
        <test-method signature="testAdminLogin()[pri:0, instance:org.com.test.bankapp.LoginPageTest@3f23a3a0]" started-at="2025-09-03T16:59:23 IST" name="testAdminLogin" finished-at="2025-09-03T16:59:23 IST" duration-ms="1" status="PASS">
          <reporter-output>
          </reporter-output>
        </test-method> <!-- testAdminLogin -->
        <test-method signature="testInvalidLogin()[pri:0, instance:org.com.test.bankapp.LoginPageTest@3f23a3a0]" started-at="2025-09-03T16:59:23 IST" name="testInvalidLogin" finished-at="2025-09-03T16:59:23 IST" duration-ms="2" status="PASS">
          <reporter-output>
          </reporter-output>
        </test-method> <!-- testInvalidLogin -->
        <test-method signature="testUserLogin()[pri:0, instance:org.com.test.bankapp.LoginPageTest@3f23a3a0]" started-at="2025-09-03T16:59:23 IST" name="testUserLogin" finished-at="2025-09-03T16:59:23 IST" duration-ms="2" status="PASS">
          <reporter-output>
          </reporter-output>
        </test-method> <!-- testUserLogin -->
      </class> <!-- org.com.test.bankapp.LoginPageTest -->
    </test> <!-- Default test -->
  </suite> <!-- Default suite -->
</testng-results>
