<?xml version="1.0" encoding="UTF-8"?>
<!-- Generated by org.testng.reporters.JUnitReportReporter -->
<testsuite hostname="EPINHYDW0D63" failures="0" tests="2" name="org.com.test.bankapp.UserDashboardTest" time="0.011" errors="0" timestamp="2025-09-01T14:20:14 IST" skipped="0">
  <testcase classname="org.com.test.bankapp.UserDashboardTest" name="testDepositAndWithdraw" time="0.003"/>
  <testcase classname="org.com.test.bankapp.UserDashboardTest" name="testShowUserDetailsDialog" time="0.008"/>
</testsuite> <!-- org.com.test.bankapp.UserDashboardTest -->
