<?xml version="1.0" encoding="UTF-8"?>
<!-- Generated by org.testng.reporters.JUnitReportReporter -->
<testsuite hostname="EPINHYDW0D63" failures="0" tests="3" name="org.com.test.bankapp.LoginPageTest" time="0.005" errors="0" timestamp="2025-09-03T16:59:23 IST" skipped="0">
  <testcase classname="org.com.test.bankapp.LoginPageTest" name="testUserLogin" time="0.002"/>
  <testcase classname="org.com.test.bankapp.LoginPageTest" name="testInvalidLogin" time="0.002"/>
  <testcase classname="org.com.test.bankapp.LoginPageTest" name="testAdminLogin" time="0.001"/>
</testsuite> <!-- org.com.test.bankapp.LoginPageTest -->
