<?xml version="1.0" encoding="UTF-8"?>
<!-- Generated by org.testng.reporters.JUnitReportReporter -->
<testsuite hostname="EPINHYDW0D63" failures="0" tests="2" name="org.com.bankapp.UserDashboardTest" time="0.065" errors="0" timestamp="2025-08-31T20:04:17 IST" skipped="0">
  <testcase classname="org.com.bankapp.UserDashboardTest" name="testShowDetails" time="0.003"/>
  <testcase classname="org.com.bankapp.UserDashboardTest" name="testDeposit" time="0.062"/>
</testsuite> <!-- org.com.bankapp.UserDashboardTest -->
