<?xml version="1.0" encoding="UTF-8"?>
<!-- Generated by org.testng.reporters.JUnitReportReporter -->
<testsuite hostname="EPINHYDW0D63" failures="0" tests="8" name="org.com.bankapp.BankServiceTest" time="0.054" errors="0" timestamp="2025-08-31T19:46:40 IST" skipped="0">
  <testcase classname="org.com.bankapp.BankServiceTest" name="testAddUser" time="0.018"/>
  <testcase classname="org.com.bankapp.BankServiceTest" name="testValidateUser_InvalidRole" time="0.002"/>
  <testcase classname="org.com.bankapp.BankServiceTest" name="testValidateUser_ValidCredentials" time="0.003"/>
  <testcase classname="org.com.bankapp.BankServiceTest" name="testValidateAdmin_InvalidCredentials" time="0.018"/>
  <testcase classname="org.com.bankapp.BankServiceTest" name="testDeleteUser_UserExists" time="0.003"/>
  <testcase classname="org.com.bankapp.BankServiceTest" name="testDeleteUser_UserDoesNotExist" time="0.005"/>
  <testcase classname="org.com.bankapp.BankServiceTest" name="testValidateUser_InvalidCredentials" time="0.002"/>
  <testcase classname="org.com.bankapp.BankServiceTest" name="testValidateAdmin_ValidCredentials" time="0.003"/>
</testsuite> <!-- org.com.bankapp.BankServiceTest -->
