<?xml version="1.0" encoding="UTF-8"?>
<!-- Generated by org.testng.reporters.JUnitReportReporter -->
<testsuite hostname="EPINHYDW0D63" failures="0" tests="9" name="org.com.test.bankapp.BankServiceTest" time="0.053" errors="0" timestamp="2025-09-03T16:59:23 IST" skipped="0">
  <testcase classname="org.com.test.bankapp.BankServiceTest" name="testDeleteUserFailure" time="0.001"/>
  <testcase classname="org.com.test.bankapp.BankServiceTest" name="testValidateCredentials" time="0.002"/>
  <testcase classname="org.com.test.bankapp.BankServiceTest" name="testAddUserFailure_Duplicate" time="0.022"/>
  <testcase classname="org.com.test.bankapp.BankServiceTest" name="testValidateUser" time="0.002"/>
  <testcase classname="org.com.test.bankapp.BankServiceTest" name="testValidateAdmin" time="0.002"/>
  <testcase classname="org.com.test.bankapp.BankServiceTest" name="testAddUserSuccess" time="0.017"/>
  <testcase classname="org.com.test.bankapp.BankServiceTest" name="testDeleteUserSuccess" time="0.002"/>
  <testcase classname="org.com.test.bankapp.BankServiceTest" name="testFindUserByName" time="0.003"/>
  <testcase classname="org.com.test.bankapp.BankServiceTest" name="testGetUsers" time="0.002"/>
</testsuite> <!-- org.com.test.bankapp.BankServiceTest -->
